c:\users\wpger_000\documents\visual studio 2015\projects\vulkanpractice\vulkanpractice\x64\debug\vc140.pdb
c:\users\wpger_000\documents\visual studio 2015\projects\vulkanpractice\vulkanpractice\x64\debug\vc140.idb
c:\users\wpger_000\documents\visual studio 2015\projects\vulkanpractice\vulkanpractice\x64\debug\pipelinemultisamplestate.obj
c:\users\wpger_000\documents\visual studio 2015\projects\vulkanpractice\vulkanpractice\x64\debug\pipelinerasterizationstate.obj
c:\users\wpger_000\documents\visual studio 2015\projects\vulkanpractice\vulkanpractice\x64\debug\pipelinevertexinputstate.obj
c:\users\wpger_000\documents\visual studio 2015\projects\vulkanpractice\vulkanpractice\x64\debug\pipelineviewportstate.obj
c:\users\wpger_000\documents\visual studio 2015\projects\vulkanpractice\vulkanpractice\x64\debug\platform.obj
c:\users\wpger_000\documents\visual studio 2015\projects\vulkanpractice\vulkanpractice\x64\debug\vulkanphysicaldevice.obj
c:\users\wpger_000\documents\visual studio 2015\projects\vulkanpractice\vulkanpractice\x64\debug\vulkanrenderpass.obj
c:\users\wpger_000\documents\visual studio 2015\projects\vulkanpractice\vulkanpractice\x64\debug\vulkanrendersubpass.obj
c:\users\wpger_000\documents\visual studio 2015\projects\vulkanpractice\vulkanpractice\x64\debug\vulkanshadermodule.obj
c:\users\wpger_000\documents\visual studio 2015\projects\vulkanpractice\vulkanpractice\x64\debug\shared.obj
c:\users\wpger_000\documents\visual studio 2015\projects\vulkanpractice\vulkanpractice\x64\debug\testscreen.obj
c:\users\wpger_000\documents\visual studio 2015\projects\vulkanpractice\vulkanpractice\x64\debug\utility.obj
c:\users\wpger_000\documents\visual studio 2015\projects\vulkanpractice\vulkanpractice\x64\debug\vulkandevice.obj
c:\users\wpger_000\documents\visual studio 2015\projects\vulkanpractice\vulkanpractice\x64\debug\vulkandevicememory.obj
c:\users\wpger_000\documents\visual studio 2015\projects\vulkanpractice\vulkanpractice\x64\debug\vulkaninstance.obj
c:\users\wpger_000\documents\visual studio 2015\projects\vulkanpractice\vulkanpractice\x64\debug\vulkanmemoryallocateinfo.obj
c:\users\wpger_000\documents\visual studio 2015\projects\vulkanpractice\vulkanpractice\x64\debug\vulkanpresentationsurface.obj
c:\users\wpger_000\documents\visual studio 2015\projects\vulkanpractice\vulkanpractice\x64\debug\vulkanqueuesubmission.obj
c:\users\wpger_000\documents\visual studio 2015\projects\vulkanpractice\vulkanpractice\x64\debug\vulkanswapchain.obj
c:\users\wpger_000\documents\visual studio 2015\projects\vulkanpractice\vulkanpractice\x64\debug\vulkanswapchainimages.obj
c:\users\wpger_000\documents\visual studio 2015\projects\vulkanpractice\vulkanpractice\x64\debug\window_glfw.obj
c:\users\wpger_000\documents\visual studio 2015\projects\vulkanpractice\vulkanpractice\x64\debug\window_win32.obj
c:\users\wpger_000\documents\visual studio 2015\projects\vulkanpractice\vulkanpractice\x64\debug\application.obj
c:\users\wpger_000\documents\visual studio 2015\projects\vulkanpractice\vulkanpractice\x64\debug\vulkanattachmentdescription.obj
c:\users\wpger_000\documents\visual studio 2015\projects\vulkanpractice\vulkanpractice\x64\debug\vulkanbuffer.obj
c:\users\wpger_000\documents\visual studio 2015\projects\vulkanpractice\vulkanpractice\x64\debug\vulkancommandbuffergroup.obj
c:\users\wpger_000\documents\visual studio 2015\projects\vulkanpractice\vulkanpractice\x64\debug\vulkancommandpool.obj
c:\users\wpger_000\documents\visual studio 2015\projects\vulkanpractice\vulkanpractice\x64\debug\computepipeline.obj
c:\users\wpger_000\documents\visual studio 2015\projects\vulkanpractice\vulkanpractice\x64\debug\vulkanenumeratedphysicaldevices.obj
c:\users\wpger_000\documents\visual studio 2015\projects\vulkanpractice\vulkanpractice\x64\debug\vulkanfencegroup.obj
c:\users\wpger_000\documents\visual studio 2015\projects\vulkanpractice\vulkanpractice\x64\debug\vulkanframebuffer.obj
c:\users\wpger_000\documents\visual studio 2015\projects\vulkanpractice\vulkanpractice\x64\debug\game.obj
c:\users\wpger_000\documents\visual studio 2015\projects\vulkanpractice\vulkanpractice\x64\debug\graphicspipeline.obj
c:\users\wpger_000\documents\visual studio 2015\projects\vulkanpractice\vulkanpractice\x64\debug\vulkancommandbuffer.obj
c:\users\wpger_000\documents\visual studio 2015\projects\vulkanpractice\vulkanpractice\x64\debug\vulkanimageview.obj
c:\users\wpger_000\documents\visual studio 2015\projects\vulkanpractice\vulkanpractice\x64\debug\main.obj
c:\users\wpger_000\documents\visual studio 2015\projects\vulkanpractice\vulkanpractice\x64\debug\pipelinecolorblendstate.obj
c:\users\wpger_000\documents\visual studio 2015\projects\vulkanpractice\vulkanpractice\x64\debug\pipelinedepthstencilstate.obj
c:\users\wpger_000\documents\visual studio 2015\projects\vulkanpractice\vulkanpractice\x64\debug\pipelineinputassemblyestate.obj
c:\users\wpger_000\documents\visual studio 2015\projects\vulkanpractice\vulkanpractice\x64\debug\pipelinelayout.obj
c:\users\wpger_000\documents\visual studio 2015\projects\vulkanpractice\vulkanpractice\x64\debug\vulkandescriptorpool.obj
c:\users\wpger_000\documents\visual studio 2015\projects\vulkanpractice\vulkanpractice\x64\debug\vulkandescriptorsetgroup.obj
c:\users\wpger_000\documents\visual studio 2015\projects\vulkanpractice\vulkanpractice\x64\debug\vulkandescriptorsetlayout.obj
c:\users\wpger_000\documents\visual studio 2015\projects\vulkanpractice\vulkanpractice\x64\debug\screen.obj
c:\users\wpger_000\documents\visual studio 2015\projects\vulkanpractice\vulkanpractice\x64\debug\vulkansemaphore.obj
c:\users\wpger_000\documents\visual studio 2015\projects\vulkanpractice\vulkanpractice\x64\debug\vulkanstagedbuffer.obj
c:\users\wpger_000\documents\visual studio 2015\projects\vulkanpractice\vulkanpractice\x64\debug\window.obj
c:\users\wpger_000\documents\visual studio 2015\projects\vulkanpractice\vulkanpractice\x64\debug\vulkandescriptorset.obj
c:\users\wpger_000\documents\visual studio 2015\projects\vulkanpractice\vulkanpractice\x64\debug\sdcircle.obj
c:\users\wpger_000\documents\visual studio 2015\projects\vulkanpractice\vulkanpractice\x64\debug\keyboardcallback.obj
c:\users\wpger_000\documents\visual studio 2015\projects\vulkanpractice\vulkanpractice\x64\debug\keyboardcallback_glfw.obj
c:\users\wpger_000\documents\visual studio 2015\projects\vulkanpractice\vulkanpractice\x64\debug\keyboardcallback_win32.obj
c:\users\wpger_000\documents\visual studio 2015\projects\vulkanpractice\vulkanpractice\x64\debug\camera.obj
c:\users\wpger_000\documents\visual studio 2015\projects\vulkanpractice\vulkanpractice\x64\debug\player.obj
c:\users\wpger_000\documents\visual studio 2015\projects\vulkanpractice\vulkanpractice\x64\debug\nova.obj
c:\users\wpger_000\documents\visual studio 2015\projects\vulkanpractice\vulkanpractice\x64\debug\mousemovecallback.obj
c:\users\wpger_000\documents\visual studio 2015\projects\vulkanpractice\vulkanpractice\x64\debug\mouseclickcallback.obj
c:\users\wpger_000\documents\visual studio 2015\projects\vulkanpractice\vulkanpractice\x64\debug\textureloader.obj
c:\users\wpger_000\documents\visual studio 2015\projects\vulkanpractice\vulkanpractice\x64\debug\vulkantexture.obj
c:\users\wpger_000\documents\visual studio 2015\projects\vulkanpractice\vulkanpractice\x64\debug\vulkanimage.obj
c:\users\wpger_000\documents\visual studio 2015\projects\vulkanpractice\vulkanpractice\x64\debug\vulkansampler.obj
c:\users\wpger_000\documents\visual studio 2015\projects\vulkanpractice\vulkanpractice\x64\debug\vulkanimagememorybarrier.obj
c:\users\wpger_000\documents\visual studio 2015\projects\vulkanpractice\vulkanpractice\x64\debug\vulkanimagesubresourcerange.obj
c:\users\wpger_000\documents\visual studio 2015\projects\vulkanpractice\vulkanpractice\x64\debug\vulkandescriptorimageinfo.obj
c:\users\wpger_000\documents\visual studio 2015\projects\vulkanpractice\vulkanpractice\x64\debug\vulkanimage2d.obj
c:\users\wpger_000\documents\visual studio 2015\projects\vulkanpractice\vulkanpractice\x64\debug\vulkantexture2d.obj
c:\users\wpger_000\documents\visual studio 2015\projects\vulkanpractice\x64\debug\vulkanpractice.ilk
c:\users\wpger_000\documents\visual studio 2015\projects\vulkanpractice\x64\debug\vulkanpractice.exe
c:\users\wpger_000\documents\visual studio 2015\projects\vulkanpractice\x64\debug\vulkanpractice.pdb
c:\users\wpger_000\documents\visual studio 2015\projects\vulkanpractice\vulkanpractice\x64\debug\textureloader.obj.enc
c:\users\wpger_000\documents\visual studio 2015\projects\vulkanpractice\vulkanpractice\x64\debug\vulkanpractice.tlog\cl.command.1.tlog
c:\users\wpger_000\documents\visual studio 2015\projects\vulkanpractice\vulkanpractice\x64\debug\vulkanpractice.tlog\cl.read.1.tlog
c:\users\wpger_000\documents\visual studio 2015\projects\vulkanpractice\vulkanpractice\x64\debug\vulkanpractice.tlog\cl.write.1.tlog
c:\users\wpger_000\documents\visual studio 2015\projects\vulkanpractice\vulkanpractice\x64\debug\vulkanpractice.tlog\link.command.1.tlog
c:\users\wpger_000\documents\visual studio 2015\projects\vulkanpractice\vulkanpractice\x64\debug\vulkanpractice.tlog\link.read.1.tlog
c:\users\wpger_000\documents\visual studio 2015\projects\vulkanpractice\vulkanpractice\x64\debug\vulkanpractice.tlog\link.write.1.tlog
