  Application.cpp
  Generating Code...
  Compiling...
  Window_win32.cpp
  Window_glfw.cpp
  Window.cpp
  VulkanStagedBuffer.cpp
  VulkanFenceGroup.cpp
  VulkanDescriptorSetLayout.cpp
  VulkanDescriptorPool.cpp
  VulkanBuffer.cpp
  TestScreen.cpp
  Shared.cpp
  Player.cpp
  Platform.cpp
  MouseClickCallback.cpp
  Generating Code...
LINK : warning LNK4098: defaultlib 'MSVCRT' conflicts with use of other libs; use /NODEFAULTLIB:library
  VulkanPractice.vcxproj -> C:\Users\wpger_000\documents\visual studio 2015\Projects\VulkanPractice\x64\Debug\VulkanPractice.exe
  VulkanPractice.vcxproj -> C:\Users\wpger_000\documents\visual studio 2015\Projects\VulkanPractice\x64\Debug\VulkanPractice.pdb (Partial PDB)
